d:\physics-for-games\wk2\pfg-startproject\pfg-startproject\build\release_intermediate\vc143.pdb
d:\physics-for-games\wk2\pfg-startproject\pfg-startproject\build\release_intermediate\scene.obj
d:\physics-for-games\wk2\pfg-startproject\pfg-startproject\build\release_intermediate\mesh.obj
d:\physics-for-games\wk2\pfg-startproject\pfg-startproject\build\release_intermediate\material.obj
d:\physics-for-games\wk2\pfg-startproject\pfg-startproject\build\release_intermediate\main.obj
d:\physics-for-games\wk2\pfg-startproject\pfg-startproject\build\release_intermediate\input.obj
d:\physics-for-games\wk2\pfg-startproject\pfg-startproject\build\release_intermediate\gameobject.obj
d:\physics-for-games\wk2\pfg-startproject\pfg-startproject\build\release_intermediate\camera.obj
d:\physics-for-games\wk2\pfg-startproject\pfg-startproject\build\release_intermediate\application.obj
d:\physics-for-games\wk2\pfg-startproject\pfg-startproject\build\release_intermediate\glew.obj
d:\physics-for-games\wk2\pfg-startproject\pfg-startproject\build\release_intermediate\pfg-startproject.ipdb
d:\physics-for-games\wk2\pfg-startproject\pfg-startproject\build\release_intermediate\pfg-startproject.iobj
d:\physics-for-games\wk2\pfg-startproject\pfg-startproject\build\release\pfg-startproject.pdb
d:\physics-for-games\wk2\pfg-startproject\pfg-startproject\build\release\pfg-startproject.exe
d:\physics-for-games\wk2\pfg-startproject\pfg-startproject\build\release_intermediate\pfg-startproject.vcxproj.filelistabsolute.txt
d:\physics-for-games\wk2\pfg-startproject\pfg-startproject\build\release_intermediate\pfg-startproject.tlog\cl.command.1.tlog
d:\physics-for-games\wk2\pfg-startproject\pfg-startproject\build\release_intermediate\pfg-startproject.tlog\cl.read.1.tlog
d:\physics-for-games\wk2\pfg-startproject\pfg-startproject\build\release_intermediate\pfg-startproject.tlog\cl.write.1.tlog
d:\physics-for-games\wk2\pfg-startproject\pfg-startproject\build\release_intermediate\pfg-startproject.tlog\link.command.1.tlog
d:\physics-for-games\wk2\pfg-startproject\pfg-startproject\build\release_intermediate\pfg-startproject.tlog\link.read.1.tlog
d:\physics-for-games\wk2\pfg-startproject\pfg-startproject\build\release_intermediate\pfg-startproject.tlog\link.write.1.tlog
